screen.image_wash.png 
scroll.image_up.png 
scroll.image_dn.png 
scroll.image_au_up.png 
scroll.image_au_dn.png 
imageitem.image_lnk_h.png 
imageitem.image_lnk_v.png 
dateeditor.image_mon_he_bg.png 
.png 
dateeditor.image_yr_he_bg.png 
dateeditor.image_time_he_bg.png 
ticker.image_bg2.png 
ticker.image_bg1.png 
ticker.image_bg0.png 
pti.image_bg2.png 
pti.image_bg1.png 
pti.image_bg0.png 
title.image_bg2.png 
title.image_bg1.png 
title.image_bg0.png 
imageitem.image_btn8.png 
imageitem.image_btn7.png 
imageitem.image_btn6.png 
imageitem.image_btn5.png 
imageitem.image_btn4.png 
imageitem.image_btn3.png 
imageitem.image_btn2.png 
imageitem.image_btn1.png 
imageitem.image_btn0.png 
